<?xml version="1.0" encoding="UTF-8"?>
<!-- Generated by org.testng.reporters.JUnitReportReporter -->
<testsuite skipped="0" hostname="DESKTOP-4P44GED" name="com.test.demo.SmokeTesting" tests="50" failures="3" timestamp="2020-11-18T09:11:27 CST" time="1105.097" errors="1">
  <testcase name="testLogoOff" time="16.299" classname="com.test.demo.SmokeTesting"/>
  <system-out/>
  <testcase name="testLogoOn" time="15.541" classname="com.test.demo.SmokeTesting"/>
  <system-out/>
  <testcase name="testSurveyListOn" time="16.491" classname="com.test.demo.SmokeTesting"/>
  <system-out/>
  <testcase name="testSurveyListOff" time="15.672" classname="com.test.demo.SmokeTesting"/>
  <system-out/>
  <testcase name="testContainerOff" time="0.020" classname="com.test.demo.SmokeTesting"/>
  <system-out/>
  <testcase name="testContainerOn" time="15.565" classname="com.test.demo.SmokeTesting">
    <failure type="java.lang.AssertionError" message="expected [true] but found [false]">
      <![CDATA[java.lang.AssertionError: expected [true] but found [false]
at org.testng.Assert.fail(Assert.java:97)
at org.testng.Assert.failNotEquals(Assert.java:969)
at org.testng.Assert.assertTrue(Assert.java:43)
at org.testng.Assert.assertTrue(Assert.java:53)
at com.test.demo.SmokeTesting.testContainerOn(Unknown Source)
at sun.reflect.NativeMethodAccessorImpl.invoke0(Native Method)
at sun.reflect.NativeMethodAccessorImpl.invoke(Unknown Source)
at sun.reflect.DelegatingMethodAccessorImpl.invoke(Unknown Source)
at java.lang.reflect.Method.invoke(Unknown Source)
at org.testng.internal.MethodInvocationHelper.invokeMethod(MethodInvocationHelper.java:134)
at org.testng.internal.TestInvoker.invokeMethod(TestInvoker.java:597)
at org.testng.internal.TestInvoker.invokeTestMethod(TestInvoker.java:173)
at org.testng.internal.MethodRunner.runInSequence(MethodRunner.java:46)
at org.testng.internal.TestInvoker$MethodInvocationAgent.invoke(TestInvoker.java:816)
at org.testng.internal.TestInvoker.invokeTestMethods(TestInvoker.java:146)
at org.testng.internal.TestMethodWorker.invokeTestMethods(TestMethodWorker.java:146)
at org.testng.internal.TestMethodWorker.run(TestMethodWorker.java:128)
at java.util.ArrayList.forEach(Unknown Source)
at org.testng.TestRunner.privateRun(TestRunner.java:766)
at org.testng.TestRunner.run(TestRunner.java:587)
at org.testng.SuiteRunner.runTest(SuiteRunner.java:384)
at org.testng.SuiteRunner.runSequentially(SuiteRunner.java:378)
at org.testng.SuiteRunner.privateRun(SuiteRunner.java:337)
at org.testng.SuiteRunner.run(SuiteRunner.java:286)
at org.testng.SuiteRunnerWorker.runSuite(SuiteRunnerWorker.java:53)
at org.testng.SuiteRunnerWorker.run(SuiteRunnerWorker.java:96)
at org.testng.TestNG.runSuitesSequentially(TestNG.java:1187)
at org.testng.TestNG.runSuitesLocally(TestNG.java:1109)
at org.testng.TestNG.runSuites(TestNG.java:1039)
at org.testng.TestNG.run(TestNG.java:1007)
at org.testng.TestNG.privateMain(TestNG.java:1336)
at org.testng.TestNG.main(TestNG.java:1304)
]]>
    </failure>
  </testcase> <!-- testContainerOn -->
  <system-out/>
  <testcase name="testLastSurveyOff" time="15.534" classname="com.test.demo.SmokeTesting"/>
  <system-out/>
  <testcase name="testLastSurveyOn" time="15.399" classname="com.test.demo.SmokeTesting"/>
  <system-out/>
  <testcase name="testSearchOff" time="46.660" classname="com.test.demo.SmokeTesting"/>
  <system-out/>
  <testcase name="testSearchOn" time="46.611" classname="com.test.demo.SmokeTesting"/>
  <system-out/>
  <testcase name="testChangeCol" time="0.013" classname="com.test.demo.SmokeTesting"/>
  <system-out/>
  <testcase name="testChangeBtnDirection" time="22.033" classname="com.test.demo.SmokeTesting"/>
  <system-out/>
  <testcase name="testCreateBtn" time="32.654" classname="com.test.demo.SmokeTesting"/>
  <system-out/>
  <testcase name="testDeleteBtn" time="18.582" classname="com.test.demo.SmokeTesting"/>
  <system-out/>
  <testcase name="testRestoreBtn" time="18.583" classname="com.test.demo.SmokeTesting"/>
  <system-out/>
  <testcase name="testEditBtnPosition" time="19.155" classname="com.test.demo.SmokeTesting"/>
  <system-out/>
  <testcase name="testEditBtnUrl" time="27.324" classname="com.test.demo.SmokeTesting"/>
  <system-out/>
  <testcase name="testEditBtnTitle" time="21.191" classname="com.test.demo.SmokeTesting"/>
  <system-out/>
  <testcase name="testEditBtnIcon" time="25.548" classname="com.test.demo.SmokeTesting"/>
  <system-out/>
  <testcase name="testEditBtnDescription" time="18.921" classname="com.test.demo.SmokeTesting"/>
  <system-out/>
  <testcase name="testEditBtnShowTo" time="24.410" classname="com.test.demo.SmokeTesting"/>
  <system-out/>
  <testcase name="testCreateBtnFromExcel" time="32.237" classname="com.test.demo.SmokeTesting"/>
  <system-out/>
  <testcase name="testCreateBtnFromExcel" time="32.437" classname="com.test.demo.SmokeTesting"/>
  <system-out/>
  <testcase name="testCreateBtnFromExcel" time="32.220" classname="com.test.demo.SmokeTesting"/>
  <system-out/>
  <testcase name="testCreateBtnFromExcel" time="32.174" classname="com.test.demo.SmokeTesting"/>
  <system-out/>
  <testcase name="testCreateBtnFromExcel" time="32.239" classname="com.test.demo.SmokeTesting"/>
  <system-out/>
  <testcase name="testEditBtnFromExcel" time="32.221" classname="com.test.demo.SmokeTesting"/>
  <system-out/>
  <testcase name="testEditBtnFromExcel" time="32.200" classname="com.test.demo.SmokeTesting"/>
  <system-out/>
  <testcase name="testEditBtnFromExcel" time="32.364" classname="com.test.demo.SmokeTesting"/>
  <system-out/>
  <testcase name="testEditBtnFromExcel" time="32.369" classname="com.test.demo.SmokeTesting"/>
  <system-out/>
  <testcase name="testEditBtnFromExcel" time="32.351" classname="com.test.demo.SmokeTesting"/>
  <system-out/>
  <testcase name="testShowPhpConf" time="20.057" classname="com.test.demo.SmokeTesting"/>
  <system-out/>
  <testcase name="testChangeSiteName" time="15.935" classname="com.test.demo.SmokeTesting"/>
  <system-out/>
  <testcase name="testChangeDefaultTheme" time="20.690" classname="com.test.demo.SmokeTesting"/>
  <system-out/>
  <testcase name="testChangeAdminTheme" time="20.636" classname="com.test.demo.SmokeTesting"/>
  <system-out/>
  <testcase name="testChangeTimeAdjust" time="11.058" classname="com.test.demo.SmokeTesting">
    <error type="java.lang.NullPointerException">
      <![CDATA[java.lang.NullPointerException
at com.test.base.WebDriverEngine.getText(Unknown Source)
at com.test.demo.SmokeTesting.testChangeTimeAdjust(Unknown Source)
at sun.reflect.NativeMethodAccessorImpl.invoke0(Native Method)
at sun.reflect.NativeMethodAccessorImpl.invoke(Unknown Source)
at sun.reflect.DelegatingMethodAccessorImpl.invoke(Unknown Source)
at java.lang.reflect.Method.invoke(Unknown Source)
at org.testng.internal.MethodInvocationHelper.invokeMethod(MethodInvocationHelper.java:134)
at org.testng.internal.TestInvoker.invokeMethod(TestInvoker.java:597)
at org.testng.internal.TestInvoker.invokeTestMethod(TestInvoker.java:173)
at org.testng.internal.MethodRunner.runInSequence(MethodRunner.java:46)
at org.testng.internal.TestInvoker$MethodInvocationAgent.invoke(TestInvoker.java:816)
at org.testng.internal.TestInvoker.invokeTestMethods(TestInvoker.java:146)
at org.testng.internal.TestMethodWorker.invokeTestMethods(TestMethodWorker.java:146)
at org.testng.internal.TestMethodWorker.run(TestMethodWorker.java:128)
at java.util.ArrayList.forEach(Unknown Source)
at org.testng.TestRunner.privateRun(TestRunner.java:766)
at org.testng.TestRunner.run(TestRunner.java:587)
at org.testng.SuiteRunner.runTest(SuiteRunner.java:384)
at org.testng.SuiteRunner.runSequentially(SuiteRunner.java:378)
at org.testng.SuiteRunner.privateRun(SuiteRunner.java:337)
at org.testng.SuiteRunner.run(SuiteRunner.java:286)
at org.testng.SuiteRunnerWorker.runSuite(SuiteRunnerWorker.java:53)
at org.testng.SuiteRunnerWorker.run(SuiteRunnerWorker.java:96)
at org.testng.TestNG.runSuitesSequentially(TestNG.java:1187)
at org.testng.TestNG.runSuitesLocally(TestNG.java:1109)
at org.testng.TestNG.runSuites(TestNG.java:1039)
at org.testng.TestNG.run(TestNG.java:1007)
at org.testng.TestNG.privateMain(TestNG.java:1336)
at org.testng.TestNG.main(TestNG.java:1304)
]]>
    </error>
  </testcase> <!-- testChangeTimeAdjust -->
  <system-out/>
  <testcase name="testChangeCharacterset" time="20.698" classname="com.test.demo.SmokeTesting"/>
  <system-out/>
  <testcase name="testChangeKeys" time="15.707" classname="com.test.demo.SmokeTesting"/>
  <system-out/>
  <testcase name="testChangeKeysFromRxcel" time="15.779" classname="com.test.demo.SmokeTesting"/>
  <system-out/>
  <testcase name="testChangeKeysFromRxcel" time="15.779" classname="com.test.demo.SmokeTesting"/>
  <system-out/>
  <testcase name="testChangeKeysFromRxcel" time="15.745" classname="com.test.demo.SmokeTesting"/>
  <system-out/>
  <testcase name="testChangeKeysFromRxcel" time="15.754" classname="com.test.demo.SmokeTesting"/>
  <system-out/>
  <testcase name="testChangeKeysFromRxcel" time="15.787" classname="com.test.demo.SmokeTesting"/>
  <system-out/>
  <testcase name="testChangeToSoftMode" time="17.779" classname="com.test.demo.SmokeTesting"/>
  <system-out/>
  <testcase name="testChangeToHardMode" time="17.848" classname="com.test.demo.SmokeTesting"/>
  <system-out/>
  <testcase name="testRefreshAssets" time="24.080" classname="com.test.demo.SmokeTesting"/>
  <system-out/>
  <testcase name="testChangeHtmlEditor1" time="19.219" classname="com.test.demo.SmokeTesting"/>
  <system-out/>
  <testcase name="testChangeHtmlEditor2" time="18.864" classname="com.test.demo.SmokeTesting"/>
  <system-out/>
  <testcase name="testChangeDefaultAdminEmail" time="25.248" classname="com.test.demo.SmokeTesting">
    <failure type="java.lang.AssertionError" message="expected [testchangedemail@qq.com] but found [314956177@qq.com]">
      <![CDATA[java.lang.AssertionError: expected [testchangedemail@qq.com] but found [314956177@qq.com]
at org.testng.Assert.fail(Assert.java:97)
at org.testng.Assert.assertEqualsImpl(Assert.java:136)
at org.testng.Assert.assertEquals(Assert.java:118)
at org.testng.Assert.assertEquals(Assert.java:575)
at org.testng.Assert.assertEquals(Assert.java:585)
at com.test.demo.SmokeTesting.testChangeDefaultAdminEmail(Unknown Source)
at sun.reflect.NativeMethodAccessorImpl.invoke0(Native Method)
at sun.reflect.NativeMethodAccessorImpl.invoke(Unknown Source)
at sun.reflect.DelegatingMethodAccessorImpl.invoke(Unknown Source)
at java.lang.reflect.Method.invoke(Unknown Source)
at org.testng.internal.MethodInvocationHelper.invokeMethod(MethodInvocationHelper.java:134)
at org.testng.internal.TestInvoker.invokeMethod(TestInvoker.java:597)
at org.testng.internal.TestInvoker.invokeTestMethod(TestInvoker.java:173)
at org.testng.internal.MethodRunner.runInSequence(MethodRunner.java:46)
at org.testng.internal.TestInvoker$MethodInvocationAgent.invoke(TestInvoker.java:816)
at org.testng.internal.TestInvoker.invokeTestMethods(TestInvoker.java:146)
at org.testng.internal.TestMethodWorker.invokeTestMethods(TestMethodWorker.java:146)
at org.testng.internal.TestMethodWorker.run(TestMethodWorker.java:128)
at java.util.ArrayList.forEach(Unknown Source)
at org.testng.TestRunner.privateRun(TestRunner.java:766)
at org.testng.TestRunner.run(TestRunner.java:587)
at org.testng.SuiteRunner.runTest(SuiteRunner.java:384)
at org.testng.SuiteRunner.runSequentially(SuiteRunner.java:378)
at org.testng.SuiteRunner.privateRun(SuiteRunner.java:337)
at org.testng.SuiteRunner.run(SuiteRunner.java:286)
at org.testng.SuiteRunnerWorker.runSuite(SuiteRunnerWorker.java:53)
at org.testng.SuiteRunnerWorker.run(SuiteRunnerWorker.java:96)
at org.testng.TestNG.runSuitesSequentially(TestNG.java:1187)
at org.testng.TestNG.runSuitesLocally(TestNG.java:1109)
at org.testng.TestNG.runSuites(TestNG.java:1039)
at org.testng.TestNG.run(TestNG.java:1007)
at org.testng.TestNG.privateMain(TestNG.java:1336)
at org.testng.TestNG.main(TestNG.java:1304)
]]>
    </failure>
  </testcase> <!-- testChangeDefaultAdminEmail -->
  <system-out/>
  <testcase name="testChangeSiteAdminName" time="23.416" classname="com.test.demo.SmokeTesting">
    <failure type="java.lang.AssertionError" message="expected [testChangedAdmin] but found [Administrator]">
      <![CDATA[java.lang.AssertionError: expected [testChangedAdmin] but found [Administrator]
at org.testng.Assert.fail(Assert.java:97)
at org.testng.Assert.assertEqualsImpl(Assert.java:136)
at org.testng.Assert.assertEquals(Assert.java:118)
at org.testng.Assert.assertEquals(Assert.java:575)
at org.testng.Assert.assertEquals(Assert.java:585)
at com.test.demo.SmokeTesting.testChangeSiteAdminName(Unknown Source)
at sun.reflect.NativeMethodAccessorImpl.invoke0(Native Method)
at sun.reflect.NativeMethodAccessorImpl.invoke(Unknown Source)
at sun.reflect.DelegatingMethodAccessorImpl.invoke(Unknown Source)
at java.lang.reflect.Method.invoke(Unknown Source)
at org.testng.internal.MethodInvocationHelper.invokeMethod(MethodInvocationHelper.java:134)
at org.testng.internal.TestInvoker.invokeMethod(TestInvoker.java:597)
at org.testng.internal.TestInvoker.invokeTestMethod(TestInvoker.java:173)
at org.testng.internal.MethodRunner.runInSequence(MethodRunner.java:46)
at org.testng.internal.TestInvoker$MethodInvocationAgent.invoke(TestInvoker.java:816)
at org.testng.internal.TestInvoker.invokeTestMethods(TestInvoker.java:146)
at org.testng.internal.TestMethodWorker.invokeTestMethods(TestMethodWorker.java:146)
at org.testng.internal.TestMethodWorker.run(TestMethodWorker.java:128)
at java.util.ArrayList.forEach(Unknown Source)
at org.testng.TestRunner.privateRun(TestRunner.java:766)
at org.testng.TestRunner.run(TestRunner.java:587)
at org.testng.SuiteRunner.runTest(SuiteRunner.java:384)
at org.testng.SuiteRunner.runSequentially(SuiteRunner.java:378)
at org.testng.SuiteRunner.privateRun(SuiteRunner.java:337)
at org.testng.SuiteRunner.run(SuiteRunner.java:286)
at org.testng.SuiteRunnerWorker.runSuite(SuiteRunnerWorker.java:53)
at org.testng.SuiteRunnerWorker.run(SuiteRunnerWorker.java:96)
at org.testng.TestNG.runSuitesSequentially(TestNG.java:1187)
at org.testng.TestNG.runSuitesLocally(TestNG.java:1109)
at org.testng.TestNG.runSuites(TestNG.java:1039)
at org.testng.TestNG.run(TestNG.java:1007)
at org.testng.TestNG.privateMain(TestNG.java:1336)
at org.testng.TestNG.main(TestNG.java:1304)
]]>
    </failure>
  </testcase> <!-- testChangeSiteAdminName -->
  <system-out/>
</testsuite> <!-- com.test.demo.SmokeTesting -->
