<?xml version="1.0" encoding="UTF-8"?>
<!-- Generated by org.testng.reporters.JUnitXMLReporter -->
<testsuite hostname="DESKTOP-4P44GED" ignored="0" name="Test1" tests="50" failures="4" timestamp="2020-11-18T09:11:27 CST" time="1134.242" errors="0">
  <testcase name="testLogoOff" time="16.299" classname="com.test.demo.SmokeTesting"/>
  <testcase name="testLogoOn" time="15.541" classname="com.test.demo.SmokeTesting"/>
  <testcase name="testSurveyListOn" time="16.491" classname="com.test.demo.SmokeTesting"/>
  <testcase name="testSurveyListOff" time="15.672" classname="com.test.demo.SmokeTesting"/>
  <testcase name="testContainerOff" time="0.02" classname="com.test.demo.SmokeTesting"/>
  <testcase name="testContainerOn" time="15.565" classname="com.test.demo.SmokeTesting">
    <failure type="java.lang.AssertionError" message="expected [true] but found [false]">
      <![CDATA[java.lang.AssertionError: expected [true] but found [false]
at com.test.demo.SmokeTesting.testContainerOn(Unknown Source)
at java.util.ArrayList.forEach(Unknown Source)
... Removed 30 stack frames]]>
    </failure>
  </testcase> <!-- testContainerOn -->
  <testcase name="testLastSurveyOff" time="15.534" classname="com.test.demo.SmokeTesting"/>
  <testcase name="testLastSurveyOn" time="15.399" classname="com.test.demo.SmokeTesting"/>
  <testcase name="testSearchOff" time="46.66" classname="com.test.demo.SmokeTesting"/>
  <testcase name="testSearchOn" time="46.611" classname="com.test.demo.SmokeTesting"/>
  <testcase name="testChangeCol" time="0.013" classname="com.test.demo.SmokeTesting"/>
  <testcase name="testChangeBtnDirection" time="22.033" classname="com.test.demo.SmokeTesting"/>
  <testcase name="testCreateBtn" time="32.654" classname="com.test.demo.SmokeTesting"/>
  <testcase name="testDeleteBtn" time="18.582" classname="com.test.demo.SmokeTesting"/>
  <testcase name="testRestoreBtn" time="18.583" classname="com.test.demo.SmokeTesting"/>
  <testcase name="testEditBtnPosition" time="19.155" classname="com.test.demo.SmokeTesting"/>
  <testcase name="testEditBtnUrl" time="27.324" classname="com.test.demo.SmokeTesting"/>
  <testcase name="testEditBtnTitle" time="21.191" classname="com.test.demo.SmokeTesting"/>
  <testcase name="testEditBtnIcon" time="25.548" classname="com.test.demo.SmokeTesting"/>
  <testcase name="testEditBtnDescription" time="18.921" classname="com.test.demo.SmokeTesting"/>
  <testcase name="testEditBtnShowTo" time="24.41" classname="com.test.demo.SmokeTesting"/>
  <testcase name="testCreateBtnFromExcel" time="32.22" classname="com.test.demo.SmokeTesting"/>
  <testcase name="testCreateBtnFromExcel" time="32.174" classname="com.test.demo.SmokeTesting"/>
  <testcase name="testCreateBtnFromExcel" time="32.437" classname="com.test.demo.SmokeTesting"/>
  <testcase name="testCreateBtnFromExcel" time="32.237" classname="com.test.demo.SmokeTesting"/>
  <testcase name="testCreateBtnFromExcel" time="32.239" classname="com.test.demo.SmokeTesting"/>
  <testcase name="testEditBtnFromExcel" time="32.221" classname="com.test.demo.SmokeTesting"/>
  <testcase name="testEditBtnFromExcel" time="32.2" classname="com.test.demo.SmokeTesting"/>
  <testcase name="testEditBtnFromExcel" time="32.369" classname="com.test.demo.SmokeTesting"/>
  <testcase name="testEditBtnFromExcel" time="32.351" classname="com.test.demo.SmokeTesting"/>
  <testcase name="testEditBtnFromExcel" time="32.364" classname="com.test.demo.SmokeTesting"/>
  <testcase name="testShowPhpConf" time="20.057" classname="com.test.demo.SmokeTesting"/>
  <testcase name="testChangeSiteName" time="15.935" classname="com.test.demo.SmokeTesting"/>
  <testcase name="testChangeDefaultTheme" time="20.69" classname="com.test.demo.SmokeTesting"/>
  <testcase name="testChangeAdminTheme" time="20.636" classname="com.test.demo.SmokeTesting"/>
  <testcase name="testChangeTimeAdjust" time="11.058" classname="com.test.demo.SmokeTesting">
    <failure type="java.lang.NullPointerException">
      <![CDATA[java.lang.NullPointerException
at com.test.base.WebDriverEngine.getText(Unknown Source)
at com.test.demo.SmokeTesting.testChangeTimeAdjust(Unknown Source)
at java.util.ArrayList.forEach(Unknown Source)
... Removed 26 stack frames]]>
    </failure>
  </testcase> <!-- testChangeTimeAdjust -->
  <testcase name="testChangeCharacterset" time="20.698" classname="com.test.demo.SmokeTesting"/>
  <testcase name="testChangeKeys" time="15.707" classname="com.test.demo.SmokeTesting"/>
  <testcase name="testChangeKeysFromRxcel" time="15.779" classname="com.test.demo.SmokeTesting"/>
  <testcase name="testChangeKeysFromRxcel" time="15.779" classname="com.test.demo.SmokeTesting"/>
  <testcase name="testChangeKeysFromRxcel" time="15.754" classname="com.test.demo.SmokeTesting"/>
  <testcase name="testChangeKeysFromRxcel" time="15.787" classname="com.test.demo.SmokeTesting"/>
  <testcase name="testChangeKeysFromRxcel" time="15.745" classname="com.test.demo.SmokeTesting"/>
  <testcase name="testChangeToSoftMode" time="17.779" classname="com.test.demo.SmokeTesting"/>
  <testcase name="testChangeToHardMode" time="17.848" classname="com.test.demo.SmokeTesting"/>
  <testcase name="testRefreshAssets" time="24.08" classname="com.test.demo.SmokeTesting"/>
  <testcase name="testChangeHtmlEditor1" time="19.219" classname="com.test.demo.SmokeTesting"/>
  <testcase name="testChangeHtmlEditor2" time="18.864" classname="com.test.demo.SmokeTesting"/>
  <testcase name="testChangeDefaultAdminEmail" time="25.248" classname="com.test.demo.SmokeTesting">
    <failure type="java.lang.AssertionError" message="expected [testchangedemail@qq.com] but found [314956177@qq.com]">
      <![CDATA[java.lang.AssertionError: expected [testchangedemail@qq.com] but found [314956177@qq.com]
at com.test.demo.SmokeTesting.testChangeDefaultAdminEmail(Unknown Source)
at java.util.ArrayList.forEach(Unknown Source)
... Removed 31 stack frames]]>
    </failure>
  </testcase> <!-- testChangeDefaultAdminEmail -->
  <testcase name="testChangeSiteAdminName" time="23.416" classname="com.test.demo.SmokeTesting">
    <failure type="java.lang.AssertionError" message="expected [testChangedAdmin] but found [Administrator]">
      <![CDATA[java.lang.AssertionError: expected [testChangedAdmin] but found [Administrator]
at com.test.demo.SmokeTesting.testChangeSiteAdminName(Unknown Source)
at java.util.ArrayList.forEach(Unknown Source)
... Removed 31 stack frames]]>
    </failure>
  </testcase> <!-- testChangeSiteAdminName -->
</testsuite> <!-- Test1 -->
